<?xml version="1.0" encoding="UTF-8"?>
<testsuite xmlns:xsi="http://www.w3.org/2001/XMLSchema-instance" xsi:noNamespaceSchemaLocation="https://maven.apache.org/surefire/maven-surefire-plugin/xsd/surefire-test-report.xsd" name="com.nyist.SpringbootFilemanagementApplicationTests" time="4.171" tests="1" errors="0" skipped="0" failures="0">
  <properties>
    <property name="sun.desktop" value="windows"/>
    <property name="awt.toolkit" value="sun.awt.windows.WToolkit"/>
    <property name="file.encoding.pkg" value="sun.io"/>
    <property name="java.specification.version" value="1.8"/>
    <property name="sun.cpu.isalist" value="amd64"/>
    <property name="sun.jnu.encoding" value="GBK"/>
    <property name="java.class.path" value="D:\面试\项目\仿阿里云盘官网文件管理系统源码\springboot-filemanagement\target\test-classes;D:\面试\项目\仿阿里云盘官网文件管理系统源码\springboot-filemanagement\target\classes;D:\Java\mavenLocalhouse\org\springframework\boot\spring-boot-starter-jdbc\2.5.2\spring-boot-starter-jdbc-2.5.2.jar;D:\Java\mavenLocalhouse\org\springframework\boot\spring-boot-starter\2.5.2\spring-boot-starter-2.5.2.jar;D:\Java\mavenLocalhouse\org\springframework\boot\spring-boot-starter-logging\2.5.2\spring-boot-starter-logging-2.5.2.jar;D:\Java\mavenLocalhouse\ch\qos\logback\logback-classic\1.2.3\logback-classic-1.2.3.jar;D:\Java\mavenLocalhouse\ch\qos\logback\logback-core\1.2.3\logback-core-1.2.3.jar;D:\Java\mavenLocalhouse\org\apache\logging\log4j\log4j-to-slf4j\2.14.1\log4j-to-slf4j-2.14.1.jar;D:\Java\mavenLocalhouse\org\apache\logging\log4j\log4j-api\2.14.1\log4j-api-2.14.1.jar;D:\Java\mavenLocalhouse\org\slf4j\jul-to-slf4j\1.7.31\jul-to-slf4j-1.7.31.jar;D:\Java\mavenLocalhouse\jakarta\annotation\jakarta.annotation-api\1.3.5\jakarta.annotation-api-1.3.5.jar;D:\Java\mavenLocalhouse\org\yaml\snakeyaml\1.28\snakeyaml-1.28.jar;D:\Java\mavenLocalhouse\com\zaxxer\HikariCP\4.0.3\HikariCP-4.0.3.jar;D:\Java\mavenLocalhouse\org\slf4j\slf4j-api\1.7.31\slf4j-api-1.7.31.jar;D:\Java\mavenLocalhouse\org\springframework\spring-jdbc\5.3.8\spring-jdbc-5.3.8.jar;D:\Java\mavenLocalhouse\org\springframework\spring-beans\5.3.8\spring-beans-5.3.8.jar;D:\Java\mavenLocalhouse\org\springframework\spring-tx\5.3.8\spring-tx-5.3.8.jar;D:\Java\mavenLocalhouse\org\springframework\boot\spring-boot-starter-thymeleaf\2.5.2\spring-boot-starter-thymeleaf-2.5.2.jar;D:\Java\mavenLocalhouse\org\thymeleaf\thymeleaf-spring5\3.0.12.RELEASE\thymeleaf-spring5-3.0.12.RELEASE.jar;D:\Java\mavenLocalhouse\org\thymeleaf\thymeleaf\3.0.12.RELEASE\thymeleaf-3.0.12.RELEASE.jar;D:\Java\mavenLocalhouse\org\attoparser\attoparser\2.0.5.RELEASE\attoparser-2.0.5.RELEASE.jar;D:\Java\mavenLocalhouse\org\unbescape\unbescape\1.1.6.RELEASE\unbescape-1.1.6.RELEASE.jar;D:\Java\mavenLocalhouse\org\thymeleaf\extras\thymeleaf-extras-java8time\3.0.4.RELEASE\thymeleaf-extras-java8time-3.0.4.RELEASE.jar;D:\Java\mavenLocalhouse\org\springframework\boot\spring-boot-starter-web\2.5.2\spring-boot-starter-web-2.5.2.jar;D:\Java\mavenLocalhouse\org\springframework\boot\spring-boot-starter-json\2.5.2\spring-boot-starter-json-2.5.2.jar;D:\Java\mavenLocalhouse\com\fasterxml\jackson\core\jackson-databind\2.12.3\jackson-databind-2.12.3.jar;D:\Java\mavenLocalhouse\com\fasterxml\jackson\core\jackson-annotations\2.12.3\jackson-annotations-2.12.3.jar;D:\Java\mavenLocalhouse\com\fasterxml\jackson\core\jackson-core\2.12.3\jackson-core-2.12.3.jar;D:\Java\mavenLocalhouse\com\fasterxml\jackson\datatype\jackson-datatype-jdk8\2.12.3\jackson-datatype-jdk8-2.12.3.jar;D:\Java\mavenLocalhouse\com\fasterxml\jackson\datatype\jackson-datatype-jsr310\2.12.3\jackson-datatype-jsr310-2.12.3.jar;D:\Java\mavenLocalhouse\com\fasterxml\jackson\module\jackson-module-parameter-names\2.12.3\jackson-module-parameter-names-2.12.3.jar;D:\Java\mavenLocalhouse\org\springframework\boot\spring-boot-starter-tomcat\2.5.2\spring-boot-starter-tomcat-2.5.2.jar;D:\Java\mavenLocalhouse\org\apache\tomcat\embed\tomcat-embed-core\9.0.48\tomcat-embed-core-9.0.48.jar;D:\Java\mavenLocalhouse\org\apache\tomcat\embed\tomcat-embed-el\9.0.48\tomcat-embed-el-9.0.48.jar;D:\Java\mavenLocalhouse\org\apache\tomcat\embed\tomcat-embed-websocket\9.0.48\tomcat-embed-websocket-9.0.48.jar;D:\Java\mavenLocalhouse\org\springframework\spring-web\5.3.8\spring-web-5.3.8.jar;D:\Java\mavenLocalhouse\org\springframework\spring-webmvc\5.3.8\spring-webmvc-5.3.8.jar;D:\Java\mavenLocalhouse\org\springframework\spring-aop\5.3.8\spring-aop-5.3.8.jar;D:\Java\mavenLocalhouse\org\springframework\spring-context\5.3.8\spring-context-5.3.8.jar;D:\Java\mavenLocalhouse\org\springframework\spring-expression\5.3.8\spring-expression-5.3.8.jar;D:\Java\mavenLocalhouse\org\mybatis\spring\boot\mybatis-spring-boot-starter\2.2.0\mybatis-spring-boot-starter-2.2.0.jar;D:\Java\mavenLocalhouse\org\mybatis\spring\boot\mybatis-spring-boot-autoconfigure\2.2.0\mybatis-spring-boot-autoconfigure-2.2.0.jar;D:\Java\mavenLocalhouse\org\mybatis\mybatis\3.5.7\mybatis-3.5.7.jar;D:\Java\mavenLocalhouse\org\mybatis\mybatis-spring\2.0.6\mybatis-spring-2.0.6.jar;D:\Java\mavenLocalhouse\org\springframework\boot\spring-boot-devtools\2.5.2\spring-boot-devtools-2.5.2.jar;D:\Java\mavenLocalhouse\org\springframework\boot\spring-boot\2.5.2\spring-boot-2.5.2.jar;D:\Java\mavenLocalhouse\org\springframework\boot\spring-boot-autoconfigure\2.5.2\spring-boot-autoconfigure-2.5.2.jar;D:\Java\mavenLocalhouse\mysql\mysql-connector-java\8.0.25\mysql-connector-java-8.0.25.jar;D:\Java\mavenLocalhouse\commons-fileupload\commons-fileupload\1.3.3\commons-fileupload-1.3.3.jar;D:\Java\mavenLocalhouse\commons-io\commons-io\2.4\commons-io-2.4.jar;D:\Java\mavenLocalhouse\org\springframework\boot\spring-boot-starter-mail\2.5.2\spring-boot-starter-mail-2.5.2.jar;D:\Java\mavenLocalhouse\org\springframework\spring-context-support\5.3.8\spring-context-support-5.3.8.jar;D:\Java\mavenLocalhouse\com\sun\mail\jakarta.mail\1.6.4\jakarta.mail-1.6.4.jar;D:\Java\mavenLocalhouse\com\sun\activation\jakarta.activation\1.2.2\jakarta.activation-1.2.2.jar;D:\Java\mavenLocalhouse\org\projectlombok\lombok\1.18.20\lombok-1.18.20.jar;D:\Java\mavenLocalhouse\org\springframework\boot\spring-boot-starter-test\2.5.2\spring-boot-starter-test-2.5.2.jar;D:\Java\mavenLocalhouse\org\springframework\boot\spring-boot-test\2.5.2\spring-boot-test-2.5.2.jar;D:\Java\mavenLocalhouse\org\springframework\boot\spring-boot-test-autoconfigure\2.5.2\spring-boot-test-autoconfigure-2.5.2.jar;D:\Java\mavenLocalhouse\com\jayway\jsonpath\json-path\2.5.0\json-path-2.5.0.jar;D:\Java\mavenLocalhouse\net\minidev\json-smart\2.4.7\json-smart-2.4.7.jar;D:\Java\mavenLocalhouse\net\minidev\accessors-smart\2.4.7\accessors-smart-2.4.7.jar;D:\Java\mavenLocalhouse\org\ow2\asm\asm\9.1\asm-9.1.jar;D:\Java\mavenLocalhouse\jakarta\xml\bind\jakarta.xml.bind-api\2.3.3\jakarta.xml.bind-api-2.3.3.jar;D:\Java\mavenLocalhouse\jakarta\activation\jakarta.activation-api\1.2.2\jakarta.activation-api-1.2.2.jar;D:\Java\mavenLocalhouse\org\assertj\assertj-core\3.19.0\assertj-core-3.19.0.jar;D:\Java\mavenLocalhouse\org\hamcrest\hamcrest\2.2\hamcrest-2.2.jar;D:\Java\mavenLocalhouse\org\junit\jupiter\junit-jupiter\5.7.2\junit-jupiter-5.7.2.jar;D:\Java\mavenLocalhouse\org\junit\jupiter\junit-jupiter-api\5.7.2\junit-jupiter-api-5.7.2.jar;D:\Java\mavenLocalhouse\org\apiguardian\apiguardian-api\1.1.0\apiguardian-api-1.1.0.jar;D:\Java\mavenLocalhouse\org\opentest4j\opentest4j\1.2.0\opentest4j-1.2.0.jar;D:\Java\mavenLocalhouse\org\junit\platform\junit-platform-commons\1.7.2\junit-platform-commons-1.7.2.jar;D:\Java\mavenLocalhouse\org\junit\jupiter\junit-jupiter-params\5.7.2\junit-jupiter-params-5.7.2.jar;D:\Java\mavenLocalhouse\org\junit\jupiter\junit-jupiter-engine\5.7.2\junit-jupiter-engine-5.7.2.jar;D:\Java\mavenLocalhouse\org\junit\platform\junit-platform-engine\1.7.2\junit-platform-engine-1.7.2.jar;D:\Java\mavenLocalhouse\org\mockito\mockito-core\3.9.0\mockito-core-3.9.0.jar;D:\Java\mavenLocalhouse\net\bytebuddy\byte-buddy\1.10.22\byte-buddy-1.10.22.jar;D:\Java\mavenLocalhouse\net\bytebuddy\byte-buddy-agent\1.10.22\byte-buddy-agent-1.10.22.jar;D:\Java\mavenLocalhouse\org\objenesis\objenesis\3.2\objenesis-3.2.jar;D:\Java\mavenLocalhouse\org\mockito\mockito-junit-jupiter\3.9.0\mockito-junit-jupiter-3.9.0.jar;D:\Java\mavenLocalhouse\org\skyscreamer\jsonassert\1.5.0\jsonassert-1.5.0.jar;D:\Java\mavenLocalhouse\org\springframework\spring-core\5.3.8\spring-core-5.3.8.jar;D:\Java\mavenLocalhouse\org\springframework\spring-jcl\5.3.8\spring-jcl-5.3.8.jar;D:\Java\mavenLocalhouse\org\springframework\spring-test\5.3.8\spring-test-5.3.8.jar;D:\Java\mavenLocalhouse\org\xmlunit\xmlunit-core\2.8.2\xmlunit-core-2.8.2.jar;D:\Java\mavenLocalhouse\com\vaadin\external\google\android-json\0.0.20131108.vaadin1\android-json-0.0.20131108.vaadin1.jar;"/>
    <property name="java.vm.vendor" value="Oracle Corporation"/>
    <property name="sun.arch.data.model" value="64"/>
    <property name="user.variant" value=""/>
    <property name="java.vendor.url" value="http://java.oracle.com/"/>
    <property name="user.timezone" value="Asia/Shanghai"/>
    <property name="java.vm.specification.version" value="1.8"/>
    <property name="os.name" value="Windows 10"/>
    <property name="user.country" value="CN"/>
    <property name="sun.java.launcher" value="SUN_STANDARD"/>
    <property name="sun.boot.library.path" value="C:\Program Files\Java\jdk1.8.0_291\jre\bin"/>
    <property name="sun.java.command" value="C:\Users\cheng\AppData\Local\Temp\surefire2256055709558183265\surefirebooter1062905379012951569.jar C:\Users\cheng\AppData\Local\Temp\surefire2256055709558183265 2022-02-28T09-01-01_634-jvmRun1 surefire7668969455103208112tmp surefire_03716920760439755111tmp"/>
    <property name="surefire.test.class.path" value="D:\面试\项目\仿阿里云盘官网文件管理系统源码\springboot-filemanagement\target\test-classes;D:\面试\项目\仿阿里云盘官网文件管理系统源码\springboot-filemanagement\target\classes;D:\Java\mavenLocalhouse\org\springframework\boot\spring-boot-starter-jdbc\2.5.2\spring-boot-starter-jdbc-2.5.2.jar;D:\Java\mavenLocalhouse\org\springframework\boot\spring-boot-starter\2.5.2\spring-boot-starter-2.5.2.jar;D:\Java\mavenLocalhouse\org\springframework\boot\spring-boot-starter-logging\2.5.2\spring-boot-starter-logging-2.5.2.jar;D:\Java\mavenLocalhouse\ch\qos\logback\logback-classic\1.2.3\logback-classic-1.2.3.jar;D:\Java\mavenLocalhouse\ch\qos\logback\logback-core\1.2.3\logback-core-1.2.3.jar;D:\Java\mavenLocalhouse\org\apache\logging\log4j\log4j-to-slf4j\2.14.1\log4j-to-slf4j-2.14.1.jar;D:\Java\mavenLocalhouse\org\apache\logging\log4j\log4j-api\2.14.1\log4j-api-2.14.1.jar;D:\Java\mavenLocalhouse\org\slf4j\jul-to-slf4j\1.7.31\jul-to-slf4j-1.7.31.jar;D:\Java\mavenLocalhouse\jakarta\annotation\jakarta.annotation-api\1.3.5\jakarta.annotation-api-1.3.5.jar;D:\Java\mavenLocalhouse\org\yaml\snakeyaml\1.28\snakeyaml-1.28.jar;D:\Java\mavenLocalhouse\com\zaxxer\HikariCP\4.0.3\HikariCP-4.0.3.jar;D:\Java\mavenLocalhouse\org\slf4j\slf4j-api\1.7.31\slf4j-api-1.7.31.jar;D:\Java\mavenLocalhouse\org\springframework\spring-jdbc\5.3.8\spring-jdbc-5.3.8.jar;D:\Java\mavenLocalhouse\org\springframework\spring-beans\5.3.8\spring-beans-5.3.8.jar;D:\Java\mavenLocalhouse\org\springframework\spring-tx\5.3.8\spring-tx-5.3.8.jar;D:\Java\mavenLocalhouse\org\springframework\boot\spring-boot-starter-thymeleaf\2.5.2\spring-boot-starter-thymeleaf-2.5.2.jar;D:\Java\mavenLocalhouse\org\thymeleaf\thymeleaf-spring5\3.0.12.RELEASE\thymeleaf-spring5-3.0.12.RELEASE.jar;D:\Java\mavenLocalhouse\org\thymeleaf\thymeleaf\3.0.12.RELEASE\thymeleaf-3.0.12.RELEASE.jar;D:\Java\mavenLocalhouse\org\attoparser\attoparser\2.0.5.RELEASE\attoparser-2.0.5.RELEASE.jar;D:\Java\mavenLocalhouse\org\unbescape\unbescape\1.1.6.RELEASE\unbescape-1.1.6.RELEASE.jar;D:\Java\mavenLocalhouse\org\thymeleaf\extras\thymeleaf-extras-java8time\3.0.4.RELEASE\thymeleaf-extras-java8time-3.0.4.RELEASE.jar;D:\Java\mavenLocalhouse\org\springframework\boot\spring-boot-starter-web\2.5.2\spring-boot-starter-web-2.5.2.jar;D:\Java\mavenLocalhouse\org\springframework\boot\spring-boot-starter-json\2.5.2\spring-boot-starter-json-2.5.2.jar;D:\Java\mavenLocalhouse\com\fasterxml\jackson\core\jackson-databind\2.12.3\jackson-databind-2.12.3.jar;D:\Java\mavenLocalhouse\com\fasterxml\jackson\core\jackson-annotations\2.12.3\jackson-annotations-2.12.3.jar;D:\Java\mavenLocalhouse\com\fasterxml\jackson\core\jackson-core\2.12.3\jackson-core-2.12.3.jar;D:\Java\mavenLocalhouse\com\fasterxml\jackson\datatype\jackson-datatype-jdk8\2.12.3\jackson-datatype-jdk8-2.12.3.jar;D:\Java\mavenLocalhouse\com\fasterxml\jackson\datatype\jackson-datatype-jsr310\2.12.3\jackson-datatype-jsr310-2.12.3.jar;D:\Java\mavenLocalhouse\com\fasterxml\jackson\module\jackson-module-parameter-names\2.12.3\jackson-module-parameter-names-2.12.3.jar;D:\Java\mavenLocalhouse\org\springframework\boot\spring-boot-starter-tomcat\2.5.2\spring-boot-starter-tomcat-2.5.2.jar;D:\Java\mavenLocalhouse\org\apache\tomcat\embed\tomcat-embed-core\9.0.48\tomcat-embed-core-9.0.48.jar;D:\Java\mavenLocalhouse\org\apache\tomcat\embed\tomcat-embed-el\9.0.48\tomcat-embed-el-9.0.48.jar;D:\Java\mavenLocalhouse\org\apache\tomcat\embed\tomcat-embed-websocket\9.0.48\tomcat-embed-websocket-9.0.48.jar;D:\Java\mavenLocalhouse\org\springframework\spring-web\5.3.8\spring-web-5.3.8.jar;D:\Java\mavenLocalhouse\org\springframework\spring-webmvc\5.3.8\spring-webmvc-5.3.8.jar;D:\Java\mavenLocalhouse\org\springframework\spring-aop\5.3.8\spring-aop-5.3.8.jar;D:\Java\mavenLocalhouse\org\springframework\spring-context\5.3.8\spring-context-5.3.8.jar;D:\Java\mavenLocalhouse\org\springframework\spring-expression\5.3.8\spring-expression-5.3.8.jar;D:\Java\mavenLocalhouse\org\mybatis\spring\boot\mybatis-spring-boot-starter\2.2.0\mybatis-spring-boot-starter-2.2.0.jar;D:\Java\mavenLocalhouse\org\mybatis\spring\boot\mybatis-spring-boot-autoconfigure\2.2.0\mybatis-spring-boot-autoconfigure-2.2.0.jar;D:\Java\mavenLocalhouse\org\mybatis\mybatis\3.5.7\mybatis-3.5.7.jar;D:\Java\mavenLocalhouse\org\mybatis\mybatis-spring\2.0.6\mybatis-spring-2.0.6.jar;D:\Java\mavenLocalhouse\org\springframework\boot\spring-boot-devtools\2.5.2\spring-boot-devtools-2.5.2.jar;D:\Java\mavenLocalhouse\org\springframework\boot\spring-boot\2.5.2\spring-boot-2.5.2.jar;D:\Java\mavenLocalhouse\org\springframework\boot\spring-boot-autoconfigure\2.5.2\spring-boot-autoconfigure-2.5.2.jar;D:\Java\mavenLocalhouse\mysql\mysql-connector-java\8.0.25\mysql-connector-java-8.0.25.jar;D:\Java\mavenLocalhouse\commons-fileupload\commons-fileupload\1.3.3\commons-fileupload-1.3.3.jar;D:\Java\mavenLocalhouse\commons-io\commons-io\2.4\commons-io-2.4.jar;D:\Java\mavenLocalhouse\org\springframework\boot\spring-boot-starter-mail\2.5.2\spring-boot-starter-mail-2.5.2.jar;D:\Java\mavenLocalhouse\org\springframework\spring-context-support\5.3.8\spring-context-support-5.3.8.jar;D:\Java\mavenLocalhouse\com\sun\mail\jakarta.mail\1.6.4\jakarta.mail-1.6.4.jar;D:\Java\mavenLocalhouse\com\sun\activation\jakarta.activation\1.2.2\jakarta.activation-1.2.2.jar;D:\Java\mavenLocalhouse\org\projectlombok\lombok\1.18.20\lombok-1.18.20.jar;D:\Java\mavenLocalhouse\org\springframework\boot\spring-boot-starter-test\2.5.2\spring-boot-starter-test-2.5.2.jar;D:\Java\mavenLocalhouse\org\springframework\boot\spring-boot-test\2.5.2\spring-boot-test-2.5.2.jar;D:\Java\mavenLocalhouse\org\springframework\boot\spring-boot-test-autoconfigure\2.5.2\spring-boot-test-autoconfigure-2.5.2.jar;D:\Java\mavenLocalhouse\com\jayway\jsonpath\json-path\2.5.0\json-path-2.5.0.jar;D:\Java\mavenLocalhouse\net\minidev\json-smart\2.4.7\json-smart-2.4.7.jar;D:\Java\mavenLocalhouse\net\minidev\accessors-smart\2.4.7\accessors-smart-2.4.7.jar;D:\Java\mavenLocalhouse\org\ow2\asm\asm\9.1\asm-9.1.jar;D:\Java\mavenLocalhouse\jakarta\xml\bind\jakarta.xml.bind-api\2.3.3\jakarta.xml.bind-api-2.3.3.jar;D:\Java\mavenLocalhouse\jakarta\activation\jakarta.activation-api\1.2.2\jakarta.activation-api-1.2.2.jar;D:\Java\mavenLocalhouse\org\assertj\assertj-core\3.19.0\assertj-core-3.19.0.jar;D:\Java\mavenLocalhouse\org\hamcrest\hamcrest\2.2\hamcrest-2.2.jar;D:\Java\mavenLocalhouse\org\junit\jupiter\junit-jupiter\5.7.2\junit-jupiter-5.7.2.jar;D:\Java\mavenLocalhouse\org\junit\jupiter\junit-jupiter-api\5.7.2\junit-jupiter-api-5.7.2.jar;D:\Java\mavenLocalhouse\org\apiguardian\apiguardian-api\1.1.0\apiguardian-api-1.1.0.jar;D:\Java\mavenLocalhouse\org\opentest4j\opentest4j\1.2.0\opentest4j-1.2.0.jar;D:\Java\mavenLocalhouse\org\junit\platform\junit-platform-commons\1.7.2\junit-platform-commons-1.7.2.jar;D:\Java\mavenLocalhouse\org\junit\jupiter\junit-jupiter-params\5.7.2\junit-jupiter-params-5.7.2.jar;D:\Java\mavenLocalhouse\org\junit\jupiter\junit-jupiter-engine\5.7.2\junit-jupiter-engine-5.7.2.jar;D:\Java\mavenLocalhouse\org\junit\platform\junit-platform-engine\1.7.2\junit-platform-engine-1.7.2.jar;D:\Java\mavenLocalhouse\org\mockito\mockito-core\3.9.0\mockito-core-3.9.0.jar;D:\Java\mavenLocalhouse\net\bytebuddy\byte-buddy\1.10.22\byte-buddy-1.10.22.jar;D:\Java\mavenLocalhouse\net\bytebuddy\byte-buddy-agent\1.10.22\byte-buddy-agent-1.10.22.jar;D:\Java\mavenLocalhouse\org\objenesis\objenesis\3.2\objenesis-3.2.jar;D:\Java\mavenLocalhouse\org\mockito\mockito-junit-jupiter\3.9.0\mockito-junit-jupiter-3.9.0.jar;D:\Java\mavenLocalhouse\org\skyscreamer\jsonassert\1.5.0\jsonassert-1.5.0.jar;D:\Java\mavenLocalhouse\org\springframework\spring-core\5.3.8\spring-core-5.3.8.jar;D:\Java\mavenLocalhouse\org\springframework\spring-jcl\5.3.8\spring-jcl-5.3.8.jar;D:\Java\mavenLocalhouse\org\springframework\spring-test\5.3.8\spring-test-5.3.8.jar;D:\Java\mavenLocalhouse\org\xmlunit\xmlunit-core\2.8.2\xmlunit-core-2.8.2.jar;D:\Java\mavenLocalhouse\com\vaadin\external\google\android-json\0.0.20131108.vaadin1\android-json-0.0.20131108.vaadin1.jar;"/>
    <property name="sun.cpu.endian" value="little"/>
    <property name="user.home" value="C:\Users\cheng"/>
    <property name="user.language" value="zh"/>
    <property name="java.specification.vendor" value="Oracle Corporation"/>
    <property name="java.home" value="C:\Program Files\Java\jdk1.8.0_291\jre"/>
    <property name="basedir" value="D:\面试\项目\仿阿里云盘官网文件管理系统源码\springboot-filemanagement"/>
    <property name="file.separator" value="\"/>
    <property name="line.separator" value="&#10;"/>
    <property name="java.vm.specification.vendor" value="Oracle Corporation"/>
    <property name="java.specification.name" value="Java Platform API Specification"/>
    <property name="java.awt.graphicsenv" value="sun.awt.Win32GraphicsEnvironment"/>
    <property name="surefire.real.class.path" value="C:\Users\cheng\AppData\Local\Temp\surefire2256055709558183265\surefirebooter1062905379012951569.jar"/>
    <property name="sun.boot.class.path" value="C:\Program Files\Java\jdk1.8.0_291\jre\lib\resources.jar;C:\Program Files\Java\jdk1.8.0_291\jre\lib\rt.jar;C:\Program Files\Java\jdk1.8.0_291\jre\lib\sunrsasign.jar;C:\Program Files\Java\jdk1.8.0_291\jre\lib\jsse.jar;C:\Program Files\Java\jdk1.8.0_291\jre\lib\jce.jar;C:\Program Files\Java\jdk1.8.0_291\jre\lib\charsets.jar;C:\Program Files\Java\jdk1.8.0_291\jre\lib\jfr.jar;C:\Program Files\Java\jdk1.8.0_291\jre\classes"/>
    <property name="user.script" value=""/>
    <property name="sun.management.compiler" value="HotSpot 64-Bit Tiered Compilers"/>
    <property name="java.runtime.version" value="1.8.0_291-b10"/>
    <property name="user.name" value="cheng"/>
    <property name="path.separator" value=";"/>
    <property name="os.version" value="10.0"/>
    <property name="java.endorsed.dirs" value="C:\Program Files\Java\jdk1.8.0_291\jre\lib\endorsed"/>
    <property name="java.runtime.name" value="Java(TM) SE Runtime Environment"/>
    <property name="file.encoding" value="GBK"/>
    <property name="java.vm.name" value="Java HotSpot(TM) 64-Bit Server VM"/>
    <property name="localRepository" value="D:\Java\mavenLocalhouse"/>
    <property name="java.vendor.url.bug" value="http://bugreport.sun.com/bugreport/"/>
    <property name="java.io.tmpdir" value="C:\Users\cheng\AppData\Local\Temp\"/>
    <property name="idea.version" value="2021.2.1"/>
    <property name="java.version" value="1.8.0_291"/>
    <property name="user.dir" value="D:\面试\项目\仿阿里云盘官网文件管理系统源码\springboot-filemanagement"/>
    <property name="os.arch" value="amd64"/>
    <property name="java.vm.specification.name" value="Java Virtual Machine Specification"/>
    <property name="java.awt.printerjob" value="sun.awt.windows.WPrinterJob"/>
    <property name="sun.os.patch.level" value=""/>
    <property name="java.library.path" value="C:\Program Files\Java\jdk1.8.0_291\jre\bin;C:\WINDOWS\Sun\Java\bin;C:\WINDOWS\system32;C:\WINDOWS;E:\python\Scripts\;E:\python\;C:\Program Files (x86)\Common Files\Oracle\Java\javapath;C:\WINDOWS\system32;C:\WINDOWS;C:\WINDOWS\System32\Wbem;C:\WINDOWS\System32\WindowsPowerShell\v1.0\;C:\WINDOWS\System32\OpenSSH\;C:\Program Files\MongoDB\Server\5.0\bin;E:\Xshell\;E:\Xftp\;C:\Program Files\nodejs\;E:\Git\cmd;&quot;;C:\Program Files\Java\jdk1.8.0_291\bin;C:\Program Files\Java\jdk1.8.0_291\jre\bin&quot;;D:\Java\apache-maven-3.8.2\bin;D:\mysql\mysql;D:\mysql\mysql\bin;C:\Program Files\dotnet\;C:\ProgramData\Miniconda3;C:\ProgramData\Miniconda3\Scripts;C:\ProgramData\Miniconda3\Library\bin;E:\Git\github使用工具\bin;C:\Users\cheng\AppData\Local\Microsoft\WindowsApps;C:\Program Files\Bandizip\;E:\VSCode\Microsoft VS Code\bin;E:\python\PyCharm Community Edition 2021.2\bin;;C:\Users\cheng\AppData\Roaming\npm;E:\IDEA\IntelliJ IDEA 2021.2.1\bin;;;E:\Pycharm\PyCharm 2021.3.1\bin;;."/>
    <property name="java.vm.info" value="mixed mode"/>
    <property name="java.vendor" value="Oracle Corporation"/>
    <property name="java.vm.version" value="25.291-b10"/>
    <property name="java.ext.dirs" value="C:\Program Files\Java\jdk1.8.0_291\jre\lib\ext;C:\WINDOWS\Sun\Java\lib\ext"/>
    <property name="sun.io.unicode.encoding" value="UnicodeLittle"/>
    <property name="maven.repo.local" value="D:\Java\mavenLocalhouse"/>
    <property name="java.class.version" value="52.0"/>
  </properties>
  <testcase name="contextLoads" classname="com.nyist.SpringbootFilemanagementApplicationTests" time="0.306"/>
</testsuite>